<?xml version="1.0" encoding="UTF-8"?>
<!-- Generated by org.testng.reporters.JUnitXMLReporter -->
<testsuite hostname="ATMECSBLRLT-025" ignored="0" name="Test" tests="14" failures="0" timestamp="15 Apr 2021 05:42:43 GMT" time="39.899" errors="0">
  <testcase name="testing1" time="2.911" classname="com.atmecs.FrameworkTask.testscript.Automation"/>
  <testcase name="testing1" time="1.494" classname="com.atmecs.FrameworkTask.testscript.Automation"/>
  <testcase name="testing1" time="1.373" classname="com.atmecs.FrameworkTask.testscript.Automation"/>
  <testcase name="testing1" time="2.319" classname="com.atmecs.FrameworkTask.testscript.Automation"/>
  <testcase name="testing1" time="1.393" classname="com.atmecs.FrameworkTask.testscript.Automation"/>
  <testcase name="testing1" time="2.241" classname="com.atmecs.FrameworkTask.testscript.Automation"/>
  <testcase name="testing1" time="1.984" classname="com.atmecs.FrameworkTask.testscript.Automation"/>
  <testcase name="testing1" time="0.586" classname="com.atmecs.FrameworkTask.testscript.Automation"/>
  <testcase name="testing1" time="3.101" classname="com.atmecs.FrameworkTask.testscript.Automation"/>
  <testcase name="testing1" time="2.33" classname="com.atmecs.FrameworkTask.testscript.Automation"/>
  <testcase name="testing1" time="1.573" classname="com.atmecs.FrameworkTask.testscript.Automation"/>
  <testcase name="testing1" time="2.981" classname="com.atmecs.FrameworkTask.testscript.Automation"/>
  <testcase name="testing1" time="1.864" classname="com.atmecs.FrameworkTask.testscript.Automation"/>
  <testcase name="testing1" time="0.564" classname="com.atmecs.FrameworkTask.testscript.Automation"/>
</testsuite> <!-- Test -->
