<?xml version="1.0" encoding="UTF-8"?>
<!-- Generated by org.testng.reporters.JUnitXMLReporter -->
<testsuite hostname="ATMECSBLRLT-025" ignored="0" name="Test" tests="2" failures="1" timestamp="14 Apr 2021 07:18:15 GMT" time="14.496" errors="0">
  <testcase name="@AfterMethod done" time="0.001" classname="com.atmecs.FrameworkTask.testscript.Automation">
    <failure type="java.lang.NullPointerException">
      <![CDATA[java.lang.NullPointerException
at com.atmecs.FrameworkTask.testscript.Automation.done(Automation.java:55)
... Removed 28 stack frames]]>
    </failure>
  </testcase> <!-- @AfterMethod done -->
  <testcase name="testCase1" time="0.008" classname="com.atmecs.FrameworkTask.testscript.Automation"/>
  <testcase name="testing1" time="1.068" classname="com.atmecs.FrameworkTask.testscript.Automation">
    <failure type="org.testng.internal.reflect.MethodMatcherException" message="
Data provider mismatch
Method: testing1([Parameter{index=0, type=java.lang.String, declaredAnnotations=[]}])
Arguments: [(java.lang.String) printers,(java.lang.String) ]">
      <![CDATA[org.testng.internal.reflect.MethodMatcherException: 
Data provider mismatch
Method: testing1([Parameter{index=0, type=java.lang.String, declaredAnnotations=[]}])
Arguments: [(java.lang.String) printers,(java.lang.String) ]
... Removed 20 stack frames]]>
    </failure>
  </testcase> <!-- testing1 -->
</testsuite> <!-- Test -->
